\BOOKMARK [0][-]{chapter.1}{\376\377\000I\000n\000d\000e\000x\000\040\000h\000i\000\351\000r\000a\000r\000c\000h\000i\000q\000u\000e}{}% 1
\BOOKMARK [1][-]{section.1.1}{\376\377\000H\000i\000\351\000r\000a\000r\000c\000h\000i\000e\000\040\000d\000e\000s\000\040\000c\000l\000a\000s\000s\000e\000s}{chapter.1}% 2
\BOOKMARK [0][-]{chapter.2}{\376\377\000I\000n\000d\000e\000x\000\040\000d\000e\000s\000\040\000c\000l\000a\000s\000s\000e\000s}{}% 3
\BOOKMARK [1][-]{section.2.1}{\376\377\000L\000i\000s\000t\000e\000\040\000d\000e\000s\000\040\000c\000l\000a\000s\000s\000e\000s}{chapter.2}% 4
\BOOKMARK [0][-]{chapter.3}{\376\377\000I\000n\000d\000e\000x\000\040\000d\000e\000s\000\040\000f\000i\000c\000h\000i\000e\000r\000s}{}% 5
\BOOKMARK [1][-]{section.3.1}{\376\377\000L\000i\000s\000t\000e\000\040\000d\000e\000s\000\040\000f\000i\000c\000h\000i\000e\000r\000s}{chapter.3}% 6
\BOOKMARK [0][-]{chapter.4}{\376\377\000D\000o\000c\000u\000m\000e\000n\000t\000a\000t\000i\000o\000n\000\040\000d\000e\000s\000\040\000c\000l\000a\000s\000s\000e\000s}{}% 7
\BOOKMARK [1][-]{section.4.1}{\376\377\000R\000\351\000f\000\351\000r\000e\000n\000c\000e\000\040\000d\000e\000\040\000l\000a\000\040\000c\000l\000a\000s\000s\000e\000\040\000A\000i\000d\000e}{chapter.4}% 8
\BOOKMARK [2][-]{subsection.4.1.1}{\376\377\000D\000o\000c\000u\000m\000e\000n\000t\000a\000t\000i\000o\000n\000\040\000d\000e\000s\000\040\000c\000o\000n\000s\000t\000r\000u\000c\000t\000e\000u\000r\000s\000\040\000e\000t\000\040\000d\000e\000s\000t\000r\000u\000c\000t\000e\000u\000r}{section.4.1}% 9
\BOOKMARK [3][-]{subsubsection.4.1.1.1}{\376\377\000A\000i\000d\000e}{subsection.4.1.1}% 10
\BOOKMARK [3][-]{subsubsection.4.1.1.2}{\376\377\000A\000i\000d\000e}{subsection.4.1.1}% 11
\BOOKMARK [1][-]{section.4.2}{\376\377\000R\000\351\000f\000\351\000r\000e\000n\000c\000e\000\040\000d\000e\000\040\000l\000a\000\040\000c\000l\000a\000s\000s\000e\000\040\000C\000o\000n\000f\000i\000g}{chapter.4}% 12
\BOOKMARK [2][-]{subsection.4.2.1}{\376\377\000D\000o\000c\000u\000m\000e\000n\000t\000a\000t\000i\000o\000n\000\040\000d\000e\000s\000\040\000c\000o\000n\000s\000t\000r\000u\000c\000t\000e\000u\000r\000s\000\040\000e\000t\000\040\000d\000e\000s\000t\000r\000u\000c\000t\000e\000u\000r}{section.4.2}% 13
\BOOKMARK [3][-]{subsubsection.4.2.1.1}{\376\377\000C\000o\000n\000f\000i\000g}{subsection.4.2.1}% 14
\BOOKMARK [3][-]{subsubsection.4.2.1.2}{\376\377\000C\000o\000n\000f\000i\000g}{subsection.4.2.1}% 15
\BOOKMARK [2][-]{subsection.4.2.2}{\376\377\000D\000o\000c\000u\000m\000e\000n\000t\000a\000t\000i\000o\000n\000\040\000d\000e\000s\000\040\000f\000o\000n\000c\000t\000i\000o\000n\000s\000\040\000m\000e\000m\000b\000r\000e\000s}{section.4.2}% 16
\BOOKMARK [3][-]{subsubsection.4.2.2.1}{\376\377\000s\000a\000u\000v\000e\000g\000a\000r\000d\000e\000r}{subsection.4.2.2}% 17
\BOOKMARK [1][-]{section.4.3}{\376\377\000R\000\351\000f\000\351\000r\000e\000n\000c\000e\000\040\000d\000e\000\040\000l\000a\000\040\000c\000l\000a\000s\000s\000e\000\040\000C\000o\000n\000n\000e\000c\000t\000i\000o\000n\000D\000B}{chapter.4}% 18
\BOOKMARK [2][-]{subsection.4.3.1}{\376\377\000D\000o\000c\000u\000m\000e\000n\000t\000a\000t\000i\000o\000n\000\040\000d\000e\000s\000\040\000c\000o\000n\000s\000t\000r\000u\000c\000t\000e\000u\000r\000s\000\040\000e\000t\000\040\000d\000e\000s\000t\000r\000u\000c\000t\000e\000u\000r}{section.4.3}% 19
\BOOKMARK [3][-]{subsubsection.4.3.1.1}{\376\377\000C\000o\000n\000n\000e\000c\000t\000i\000o\000n\000D\000B}{subsection.4.3.1}% 20
\BOOKMARK [3][-]{subsubsection.4.3.1.2}{\376\377\000C\000o\000n\000n\000e\000c\000t\000i\000o\000n\000D\000B}{subsection.4.3.1}% 21
\BOOKMARK [1][-]{section.4.4}{\376\377\000R\000\351\000f\000\351\000r\000e\000n\000c\000e\000\040\000d\000e\000\040\000l\000a\000\040\000c\000l\000a\000s\000s\000e\000\040\000F\000a\000q}{chapter.4}% 22
\BOOKMARK [2][-]{subsection.4.4.1}{\376\377\000D\000o\000c\000u\000m\000e\000n\000t\000a\000t\000i\000o\000n\000\040\000d\000e\000s\000\040\000c\000o\000n\000s\000t\000r\000u\000c\000t\000e\000u\000r\000s\000\040\000e\000t\000\040\000d\000e\000s\000t\000r\000u\000c\000t\000e\000u\000r}{section.4.4}% 23
\BOOKMARK [3][-]{subsubsection.4.4.1.1}{\376\377\000F\000a\000q}{subsection.4.4.1}% 24
\BOOKMARK [3][-]{subsubsection.4.4.1.2}{\376\377\000F\000a\000q}{subsection.4.4.1}% 25
\BOOKMARK [1][-]{section.4.5}{\376\377\000R\000\351\000f\000\351\000r\000e\000n\000c\000e\000\040\000d\000e\000\040\000l\000a\000\040\000c\000l\000a\000s\000s\000e\000\040\000H\000e\000l\000p}{chapter.4}% 26
\BOOKMARK [2][-]{subsection.4.5.1}{\376\377\000D\000o\000c\000u\000m\000e\000n\000t\000a\000t\000i\000o\000n\000\040\000d\000e\000s\000\040\000c\000o\000n\000s\000t\000r\000u\000c\000t\000e\000u\000r\000s\000\040\000e\000t\000\040\000d\000e\000s\000t\000r\000u\000c\000t\000e\000u\000r}{section.4.5}% 27
\BOOKMARK [3][-]{subsubsection.4.5.1.1}{\376\377\000H\000e\000l\000p}{subsection.4.5.1}% 28
\BOOKMARK [3][-]{subsubsection.4.5.1.2}{\376\377\000H\000e\000l\000p}{subsection.4.5.1}% 29
\BOOKMARK [1][-]{section.4.6}{\376\377\000R\000\351\000f\000\351\000r\000e\000n\000c\000e\000\040\000d\000e\000\040\000l\000a\000\040\000c\000l\000a\000s\000s\000e\000\040\000M\000a\000i\000n\000W\000i\000n\000d\000o\000w}{chapter.4}% 30
\BOOKMARK [2][-]{subsection.4.6.1}{\376\377\000D\000o\000c\000u\000m\000e\000n\000t\000a\000t\000i\000o\000n\000\040\000d\000e\000s\000\040\000c\000o\000n\000s\000t\000r\000u\000c\000t\000e\000u\000r\000s\000\040\000e\000t\000\040\000d\000e\000s\000t\000r\000u\000c\000t\000e\000u\000r}{section.4.6}% 31
\BOOKMARK [3][-]{subsubsection.4.6.1.1}{\376\377\000M\000a\000i\000n\000W\000i\000n\000d\000o\000w}{subsection.4.6.1}% 32
\BOOKMARK [3][-]{subsubsection.4.6.1.2}{\376\377\000M\000a\000i\000n\000W\000i\000n\000d\000o\000w}{subsection.4.6.1}% 33
\BOOKMARK [2][-]{subsection.4.6.2}{\376\377\000D\000o\000c\000u\000m\000e\000n\000t\000a\000t\000i\000o\000n\000\040\000d\000e\000s\000\040\000f\000o\000n\000c\000t\000i\000o\000n\000s\000\040\000m\000e\000m\000b\000r\000e\000s}{section.4.6}% 34
\BOOKMARK [3][-]{subsubsection.4.6.2.1}{\376\377\000A\000b\000o\000u\000t}{subsection.4.6.2}% 35
\BOOKMARK [3][-]{subsubsection.4.6.2.2}{\376\377\000A\000i\000d\000e}{subsection.4.6.2}% 36
\BOOKMARK [3][-]{subsubsection.4.6.2.3}{\376\377\000c\000o\000n\000f\000i\000g\000U\000r\000l}{subsection.4.6.2}% 37
\BOOKMARK [3][-]{subsubsection.4.6.2.4}{\376\377\000e\000l\000e\000m\000e\000n\000t\000S\000e\000a\000r\000c\000h}{subsection.4.6.2}% 38
\BOOKMARK [3][-]{subsubsection.4.6.2.5}{\376\377\000l\000o\000a\000d\000W\000e\000b\000V\000i\000e\000w}{subsection.4.6.2}% 39
\BOOKMARK [3][-]{subsubsection.4.6.2.6}{\376\377\000s\000h\000o\000w\000E\000u\000r\000C\000h\000f}{subsection.4.6.2}% 40
\BOOKMARK [3][-]{subsubsection.4.6.2.7}{\376\377\000s\000h\000o\000w\000E\000u\000r\000U\000s\000d}{subsection.4.6.2}% 41
\BOOKMARK [0][-]{chapter.5}{\376\377\000D\000o\000c\000u\000m\000e\000n\000t\000a\000t\000i\000o\000n\000\040\000d\000e\000s\000\040\000f\000i\000c\000h\000i\000e\000r\000s}{}% 42
\BOOKMARK [1][-]{section.5.1}{\376\377\000R\000\351\000f\000\351\000r\000e\000n\000c\000e\000\040\000d\000u\000\040\000f\000i\000c\000h\000i\000e\000r\000\040\000a\000i\000d\000e\000.\000c\000p\000p}{chapter.5}% 43
\BOOKMARK [1][-]{section.5.2}{\376\377\000R\000\351\000f\000\351\000r\000e\000n\000c\000e\000\040\000d\000u\000\040\000f\000i\000c\000h\000i\000e\000r\000\040\000a\000i\000d\000e\000.\000h}{chapter.5}% 44
\BOOKMARK [1][-]{section.5.3}{\376\377\000R\000\351\000f\000\351\000r\000e\000n\000c\000e\000\040\000d\000u\000\040\000f\000i\000c\000h\000i\000e\000r\000\040\000c\000o\000n\000f\000i\000g\000.\000c\000p\000p}{chapter.5}% 45
\BOOKMARK [1][-]{section.5.4}{\376\377\000R\000\351\000f\000\351\000r\000e\000n\000c\000e\000\040\000d\000u\000\040\000f\000i\000c\000h\000i\000e\000r\000\040\000c\000o\000n\000f\000i\000g\000.\000h}{chapter.5}% 46
\BOOKMARK [1][-]{section.5.5}{\376\377\000R\000\351\000f\000\351\000r\000e\000n\000c\000e\000\040\000d\000u\000\040\000f\000i\000c\000h\000i\000e\000r\000\040\000c\000o\000n\000n\000e\000c\000t\000i\000o\000n\000d\000b\000.\000c\000p\000p}{chapter.5}% 47
\BOOKMARK [1][-]{section.5.6}{\376\377\000R\000\351\000f\000\351\000r\000e\000n\000c\000e\000\040\000d\000u\000\040\000f\000i\000c\000h\000i\000e\000r\000\040\000c\000o\000n\000n\000e\000c\000t\000i\000o\000n\000d\000b\000.\000h}{chapter.5}% 48
\BOOKMARK [1][-]{section.5.7}{\376\377\000R\000\351\000f\000\351\000r\000e\000n\000c\000e\000\040\000d\000u\000\040\000f\000i\000c\000h\000i\000e\000r\000\040\000f\000a\000q\000.\000c\000p\000p}{chapter.5}% 49
\BOOKMARK [1][-]{section.5.8}{\376\377\000R\000\351\000f\000\351\000r\000e\000n\000c\000e\000\040\000d\000u\000\040\000f\000i\000c\000h\000i\000e\000r\000\040\000f\000a\000q\000.\000h}{chapter.5}% 50
\BOOKMARK [1][-]{section.5.9}{\376\377\000R\000\351\000f\000\351\000r\000e\000n\000c\000e\000\040\000d\000u\000\040\000f\000i\000c\000h\000i\000e\000r\000\040\000h\000e\000l\000p\000.\000c\000p\000p}{chapter.5}% 51
\BOOKMARK [1][-]{section.5.10}{\376\377\000R\000\351\000f\000\351\000r\000e\000n\000c\000e\000\040\000d\000u\000\040\000f\000i\000c\000h\000i\000e\000r\000\040\000h\000e\000l\000p\000.\000h}{chapter.5}% 52
\BOOKMARK [1][-]{section.5.11}{\376\377\000R\000\351\000f\000\351\000r\000e\000n\000c\000e\000\040\000d\000u\000\040\000f\000i\000c\000h\000i\000e\000r\000\040\000m\000a\000i\000n\000.\000c\000p\000p}{chapter.5}% 53
\BOOKMARK [2][-]{subsection.5.11.1}{\376\377\000D\000o\000c\000u\000m\000e\000n\000t\000a\000t\000i\000o\000n\000\040\000d\000e\000s\000\040\000m\000a\000c\000r\000o\000s}{section.5.11}% 54
\BOOKMARK [3][-]{subsubsection.5.11.1.1}{\376\377\000q\0002\000c}{subsection.5.11.1}% 55
\BOOKMARK [2][-]{subsection.5.11.2}{\376\377\000D\000o\000c\000u\000m\000e\000n\000t\000a\000t\000i\000o\000n\000\040\000d\000e\000s\000\040\000f\000o\000n\000c\000t\000i\000o\000n\000s}{section.5.11}% 56
\BOOKMARK [3][-]{subsubsection.5.11.2.1}{\376\377\000m\000a\000i\000n}{subsection.5.11.2}% 57
\BOOKMARK [1][-]{section.5.12}{\376\377\000R\000\351\000f\000\351\000r\000e\000n\000c\000e\000\040\000d\000u\000\040\000f\000i\000c\000h\000i\000e\000r\000\040\000m\000a\000i\000n\000w\000i\000n\000d\000o\000w\000.\000c\000p\000p}{chapter.5}% 58
\BOOKMARK [2][-]{subsection.5.12.1}{\376\377\000D\000o\000c\000u\000m\000e\000n\000t\000a\000t\000i\000o\000n\000\040\000d\000e\000s\000\040\000f\000o\000n\000c\000t\000i\000o\000n\000s}{section.5.12}% 59
\BOOKMARK [3][-]{subsubsection.5.12.1.1}{\376\377\000r\000e\000a\000d\000X\000m\000l\000F\000i\000l\000e}{subsection.5.12.1}% 60
\BOOKMARK [3][-]{subsubsection.5.12.1.2}{\376\377\000w\000r\000i\000t\000e\000X\000m\000l\000F\000i\000l\000e}{subsection.5.12.1}% 61
\BOOKMARK [1][-]{section.5.13}{\376\377\000R\000\351\000f\000\351\000r\000e\000n\000c\000e\000\040\000d\000u\000\040\000f\000i\000c\000h\000i\000e\000r\000\040\000m\000a\000i\000n\000w\000i\000n\000d\000o\000w\000.\000h}{chapter.5}% 62
\BOOKMARK [2][-]{subsection.5.13.1}{\376\377\000D\000o\000c\000u\000m\000e\000n\000t\000a\000t\000i\000o\000n\000\040\000d\000e\000s\000\040\000f\000o\000n\000c\000t\000i\000o\000n\000s}{section.5.13}% 63
\BOOKMARK [3][-]{subsubsection.5.13.1.1}{\376\377\000r\000e\000a\000d\000X\000m\000l\000F\000i\000l\000e}{subsection.5.13.1}% 64
\BOOKMARK [3][-]{subsubsection.5.13.1.2}{\376\377\000w\000r\000i\000t\000e\000X\000m\000l\000F\000i\000l\000e}{subsection.5.13.1}% 65
\BOOKMARK [0][-]{section*.32}{\376\377\000I\000n\000d\000e\000x}{}% 66
